{"meta": {"format": 3, "version": "7.10.5", "timestamp": "2025-08-26T01:32:50.473657", "branch_coverage": false, "show_contexts": false}, "files": {"app\\__init__.py": {"executed_lines": [1, 2, 3, 4, 5, 6, 7, 8, 9, 10, 13, 14, 15, 17, 18, 21, 22, 25, 26, 29, 30, 31, 34, 35, 36, 37, 38, 43, 44, 45, 46, 47, 48, 49, 50, 52, 53, 61, 65, 70, 78, 79, 80, 81, 84, 88, 91, 92, 93, 94, 95, 97, 98, 99, 100, 101, 104, 105, 108, 109, 112, 113, 115], "summary": {"covered_lines": 63, "num_statements": 68, "percent_covered": 92.6470588235294, "percent_covered_display": "93", "missing_lines": 5, "excluded_lines": 0}, "missing_lines": [23, 27, 39, 40, 54], "excluded_lines": [], "functions": {"create_app": {"executed_lines": [18, 21, 22, 25, 26, 29, 30, 31, 34, 35, 36, 37, 38, 43, 44, 65, 70, 78, 79, 80, 81, 84, 88, 91, 92, 93, 94, 95, 97, 98, 99, 100, 101, 104, 105, 108, 109, 112, 113, 115], "summary": {"covered_lines": 40, "num_statements": 44, "percent_covered": 90.9090909090909, "percent_covered_display": "91", "missing_lines": 4, "excluded_lines": 0}, "missing_lines": [23, 27, 39, 40], "excluded_lines": []}, "create_app.add_security_headers": {"executed_lines": [45, 46, 47, 48, 49, 50, 52, 53, 61], "summary": {"covered_lines": 9, "num_statements": 10, "percent_covered": 90.0, "percent_covered_display": "90", "missing_lines": 1, "excluded_lines": 0}, "missing_lines": [54], "excluded_lines": []}, "": {"executed_lines": [1, 2, 3, 4, 5, 6, 7, 8, 9, 10, 13, 14, 15, 17], "summary": {"covered_lines": 14, "num_statements": 14, "percent_covered": 100.0, "percent_covered_display": "100", "missing_lines": 0, "excluded_lines": 0}, "missing_lines": [], "excluded_lines": []}}, "classes": {"": {"executed_lines": [1, 2, 3, 4, 5, 6, 7, 8, 9, 10, 13, 14, 15, 17, 18, 21, 22, 25, 26, 29, 30, 31, 34, 35, 36, 37, 38, 43, 44, 45, 46, 47, 48, 49, 50, 52, 53, 61, 65, 70, 78, 79, 80, 81, 84, 88, 91, 92, 93, 94, 95, 97, 98, 99, 100, 101, 104, 105, 108, 109, 112, 113, 115], "summary": {"covered_lines": 63, "num_statements": 68, "percent_covered": 92.6470588235294, "percent_covered_display": "93", "missing_lines": 5, "excluded_lines": 0}, "missing_lines": [23, 27, 39, 40, 54], "excluded_lines": []}}}, "app\\config.py": {"executed_lines": [], "summary": {"covered_lines": 0, "num_statements": 48, "percent_covered": 0.0, "percent_covered_display": "0", "missing_lines": 48, "excluded_lines": 0}, "missing_lines": [1, 2, 3, 5, 7, 8, 9, 10, 11, 13, 16, 19, 22, 25, 26, 28, 30, 31, 32, 33, 35, 37, 38, 39, 40, 42, 44, 45, 49, 51, 52, 53, 55, 57, 58, 62, 63, 64, 67, 70, 72, 73, 74, 76, 78, 79, 80, 83], "excluded_lines": [], "functions": {"Config.validate_security_keys": {"executed_lines": [], "summary": {"covered_lines": 0, "num_statements": 4, "percent_covered": 0.0, "percent_covered_display": "0", "missing_lines": 4, "excluded_lines": 0}, "missing_lines": [30, 31, 32, 33], "excluded_lines": []}, "Config.warn_development_keys": {"executed_lines": [], "summary": {"covered_lines": 0, "num_statements": 4, "percent_covered": 0.0, "percent_covered_display": "0", "missing_lines": 4, "excluded_lines": 0}, "missing_lines": [37, 38, 39, 40], "excluded_lines": []}, "DevelopmentConfig.__init__": {"executed_lines": [], "summary": {"covered_lines": 0, "num_statements": 2, "percent_covered": 0.0, "percent_covered_display": "0", "missing_lines": 2, "excluded_lines": 0}, "missing_lines": [52, 53], "excluded_lines": []}, "ProductionConfig.__init__": {"executed_lines": [], "summary": {"covered_lines": 0, "num_statements": 2, "percent_covered": 0.0, "percent_covered_display": "0", "missing_lines": 2, "excluded_lines": 0}, "missing_lines": [73, 74], "excluded_lines": []}, "": {"executed_lines": [], "summary": {"covered_lines": 0, "num_statements": 36, "percent_covered": 0.0, "percent_covered_display": "0", "missing_lines": 36, "excluded_lines": 0}, "missing_lines": [1, 2, 3, 5, 7, 8, 9, 10, 11, 13, 16, 19, 22, 25, 26, 28, 35, 42, 44, 45, 49, 51, 55, 57, 58, 62, 63, 64, 67, 70, 72, 76, 78, 79, 80, 83], "excluded_lines": []}}, "classes": {"Config": {"executed_lines": [], "summary": {"covered_lines": 0, "num_statements": 8, "percent_covered": 0.0, "percent_covered_display": "0", "missing_lines": 8, "excluded_lines": 0}, "missing_lines": [30, 31, 32, 33, 37, 38, 39, 40], "excluded_lines": []}, "DevelopmentConfig": {"executed_lines": [], "summary": {"covered_lines": 0, "num_statements": 2, "percent_covered": 0.0, "percent_covered_display": "0", "missing_lines": 2, "excluded_lines": 0}, "missing_lines": [52, 53], "excluded_lines": []}, "ProductionConfig": {"executed_lines": [], "summary": {"covered_lines": 0, "num_statements": 2, "percent_covered": 0.0, "percent_covered_display": "0", "missing_lines": 2, "excluded_lines": 0}, "missing_lines": [73, 74], "excluded_lines": []}, "TestingConfig": {"executed_lines": [], "summary": {"covered_lines": 0, "num_statements": 0, "percent_covered": 100.0, "percent_covered_display": "100", "missing_lines": 0, "excluded_lines": 0}, "missing_lines": [], "excluded_lines": []}, "": {"executed_lines": [], "summary": {"covered_lines": 0, "num_statements": 36, "percent_covered": 0.0, "percent_covered_display": "0", "missing_lines": 36, "excluded_lines": 0}, "missing_lines": [1, 2, 3, 5, 7, 8, 9, 10, 11, 13, 16, 19, 22, 25, 26, 28, 35, 42, 44, 45, 49, 51, 55, 57, 58, 62, 63, 64, 67, 70, 72, 76, 78, 79, 80, 83], "excluded_lines": []}}}, "app\\config_prod.py": {"executed_lines": [], "summary": {"covered_lines": 0, "num_statements": 18, "percent_covered": 0.0, "percent_covered_display": "0", "missing_lines": 18, "excluded_lines": 0}, "missing_lines": [1, 2, 4, 5, 6, 8, 9, 11, 12, 14, 17, 18, 19, 20, 23, 26, 29, 30], "excluded_lines": [], "functions": {"": {"executed_lines": [], "summary": {"covered_lines": 0, "num_statements": 18, "percent_covered": 0.0, "percent_covered_display": "0", "missing_lines": 18, "excluded_lines": 0}, "missing_lines": [1, 2, 4, 5, 6, 8, 9, 11, 12, 14, 17, 18, 19, 20, 23, 26, 29, 30], "excluded_lines": []}}, "classes": {"ProductionConfig": {"executed_lines": [], "summary": {"covered_lines": 0, "num_statements": 0, "percent_covered": 100.0, "percent_covered_display": "100", "missing_lines": 0, "excluded_lines": 0}, "missing_lines": [], "excluded_lines": []}, "": {"executed_lines": [], "summary": {"covered_lines": 0, "num_statements": 18, "percent_covered": 0.0, "percent_covered_display": "0", "missing_lines": 18, "excluded_lines": 0}, "missing_lines": [1, 2, 4, 5, 6, 8, 9, 11, 12, 14, 17, 18, 19, 20, 23, 26, 29, 30], "excluded_lines": []}}}, "app\\models.py": {"executed_lines": [], "summary": {"covered_lines": 0, "num_statements": 81, "percent_covered": 0.0, "percent_covered_display": "0", "missing_lines": 81, "excluded_lines": 0}, "missing_lines": [1, 2, 3, 4, 5, 7, 9, 10, 12, 13, 14, 15, 16, 17, 18, 19, 21, 22, 24, 25, 27, 28, 30, 31, 41, 42, 44, 45, 46, 47, 48, 49, 50, 51, 52, 53, 54, 55, 56, 57, 58, 61, 62, 64, 65, 83, 84, 86, 87, 88, 89, 90, 91, 92, 94, 95, 105, 106, 108, 109, 110, 111, 112, 113, 114, 115, 116, 117, 119, 120, 133, 134, 136, 137, 138, 139, 140, 141, 142, 144, 145], "excluded_lines": [], "functions": {"User.set_password": {"executed_lines": [], "summary": {"covered_lines": 0, "num_statements": 1, "percent_covered": 0.0, "percent_covered_display": "0", "missing_lines": 1, "excluded_lines": 0}, "missing_lines": [22], "excluded_lines": []}, "User.check_password": {"executed_lines": [], "summary": {"covered_lines": 0, "num_statements": 1, "percent_covered": 0.0, "percent_covered_display": "0", "missing_lines": 1, "excluded_lines": 0}, "missing_lines": [25], "excluded_lines": []}, "User.generate_token": {"executed_lines": [], "summary": {"covered_lines": 0, "num_statements": 1, "percent_covered": 0.0, "percent_covered_display": "0", "missing_lines": 1, "excluded_lines": 0}, "missing_lines": [28], "excluded_lines": []}, "User.to_dict": {"executed_lines": [], "summary": {"covered_lines": 0, "num_statements": 1, "percent_covered": 0.0, "percent_covered_display": "0", "missing_lines": 1, "excluded_lines": 0}, "missing_lines": [31], "excluded_lines": []}, "Device.to_dict": {"executed_lines": [], "summary": {"covered_lines": 0, "num_statements": 1, "percent_covered": 0.0, "percent_covered_display": "0", "missing_lines": 1, "excluded_lines": 0}, "missing_lines": [65], "excluded_lines": []}, "DeviceLog.to_dict": {"executed_lines": [], "summary": {"covered_lines": 0, "num_statements": 1, "percent_covered": 0.0, "percent_covered_display": "0", "missing_lines": 1, "excluded_lines": 0}, "missing_lines": [95], "excluded_lines": []}, "Command.to_dict": {"executed_lines": [], "summary": {"covered_lines": 0, "num_statements": 1, "percent_covered": 0.0, "percent_covered_display": "0", "missing_lines": 1, "excluded_lines": 0}, "missing_lines": [120], "excluded_lines": []}, "Analytics.to_dict": {"executed_lines": [], "summary": {"covered_lines": 0, "num_statements": 1, "percent_covered": 0.0, "percent_covered_display": "0", "missing_lines": 1, "excluded_lines": 0}, "missing_lines": [145], "excluded_lines": []}, "": {"executed_lines": [], "summary": {"covered_lines": 0, "num_statements": 73, "percent_covered": 0.0, "percent_covered_display": "0", "missing_lines": 73, "excluded_lines": 0}, "missing_lines": [1, 2, 3, 4, 5, 7, 9, 10, 12, 13, 14, 15, 16, 17, 18, 19, 21, 24, 27, 30, 41, 42, 44, 45, 46, 47, 48, 49, 50, 51, 52, 53, 54, 55, 56, 57, 58, 61, 62, 64, 83, 84, 86, 87, 88, 89, 90, 91, 92, 94, 105, 106, 108, 109, 110, 111, 112, 113, 114, 115, 116, 117, 119, 133, 134, 136, 137, 138, 139, 140, 141, 142, 144], "excluded_lines": []}}, "classes": {"User": {"executed_lines": [], "summary": {"covered_lines": 0, "num_statements": 4, "percent_covered": 0.0, "percent_covered_display": "0", "missing_lines": 4, "excluded_lines": 0}, "missing_lines": [22, 25, 28, 31], "excluded_lines": []}, "Device": {"executed_lines": [], "summary": {"covered_lines": 0, "num_statements": 1, "percent_covered": 0.0, "percent_covered_display": "0", "missing_lines": 1, "excluded_lines": 0}, "missing_lines": [65], "excluded_lines": []}, "DeviceLog": {"executed_lines": [], "summary": {"covered_lines": 0, "num_statements": 1, "percent_covered": 0.0, "percent_covered_display": "0", "missing_lines": 1, "excluded_lines": 0}, "missing_lines": [95], "excluded_lines": []}, "Command": {"executed_lines": [], "summary": {"covered_lines": 0, "num_statements": 1, "percent_covered": 0.0, "percent_covered_display": "0", "missing_lines": 1, "excluded_lines": 0}, "missing_lines": [120], "excluded_lines": []}, "Analytics": {"executed_lines": [], "summary": {"covered_lines": 0, "num_statements": 1, "percent_covered": 0.0, "percent_covered_display": "0", "missing_lines": 1, "excluded_lines": 0}, "missing_lines": [145], "excluded_lines": []}, "": {"executed_lines": [], "summary": {"covered_lines": 0, "num_statements": 73, "percent_covered": 0.0, "percent_covered_display": "0", "missing_lines": 73, "excluded_lines": 0}, "missing_lines": [1, 2, 3, 4, 5, 7, 9, 10, 12, 13, 14, 15, 16, 17, 18, 19, 21, 24, 27, 30, 41, 42, 44, 45, 46, 47, 48, 49, 50, 51, 52, 53, 54, 55, 56, 57, 58, 61, 62, 64, 83, 84, 86, 87, 88, 89, 90, 91, 92, 94, 105, 106, 108, 109, 110, 111, 112, 113, 114, 115, 116, 117, 119, 133, 134, 136, 137, 138, 139, 140, 141, 142, 144], "excluded_lines": []}}}, "app\\models\\__init__.py": {"executed_lines": [1, 2, 3, 4, 5, 6, 8], "summary": {"covered_lines": 7, "num_statements": 7, "percent_covered": 100.0, "percent_covered_display": "100", "missing_lines": 0, "excluded_lines": 0}, "missing_lines": [], "excluded_lines": [], "functions": {"": {"executed_lines": [1, 2, 3, 4, 5, 6, 8], "summary": {"covered_lines": 7, "num_statements": 7, "percent_covered": 100.0, "percent_covered_display": "100", "missing_lines": 0, "excluded_lines": 0}, "missing_lines": [], "excluded_lines": []}}, "classes": {"": {"executed_lines": [1, 2, 3, 4, 5, 6, 8], "summary": {"covered_lines": 7, "num_statements": 7, "percent_covered": 100.0, "percent_covered_display": "100", "missing_lines": 0, "excluded_lines": 0}, "missing_lines": [], "excluded_lines": []}}}, "app\\models\\command.py": {"executed_lines": [1, 2, 3, 5, 6, 7, 9, 10, 11, 12, 13, 14, 15, 16, 17, 20, 21, 22, 23, 26, 27, 28, 32, 34, 37, 56, 61, 73, 84, 89, 95, 99, 100, 107, 108, 115, 116, 148, 149], "summary": {"covered_lines": 38, "num_statements": 85, "percent_covered": 44.705882352941174, "percent_covered_display": "45", "missing_lines": 47, "excluded_lines": 0}, "missing_lines": [35, 39, 58, 59, 63, 64, 65, 66, 67, 70, 71, 75, 76, 77, 78, 81, 82, 86, 87, 91, 92, 93, 97, 102, 103, 104, 105, 110, 111, 112, 113, 118, 119, 120, 121, 122, 123, 126, 132, 136, 151, 152, 154, 159, 160, 162, 163], "excluded_lines": [], "functions": {"Command.__repr__": {"executed_lines": [], "summary": {"covered_lines": 0, "num_statements": 1, "percent_covered": 0.0, "percent_covered_display": "0", "missing_lines": 1, "excluded_lines": 0}, "missing_lines": [35], "excluded_lines": []}, "Command.to_dict": {"executed_lines": [], "summary": {"covered_lines": 0, "num_statements": 1, "percent_covered": 0.0, "percent_covered_display": "0", "missing_lines": 1, "excluded_lines": 0}, "missing_lines": [39], "excluded_lines": []}, "Command.mark_executing": {"executed_lines": [], "summary": {"covered_lines": 0, "num_statements": 2, "percent_covered": 0.0, "percent_covered_display": "0", "missing_lines": 2, "excluded_lines": 0}, "missing_lines": [58, 59], "excluded_lines": []}, "Command.mark_completed": {"executed_lines": [], "summary": {"covered_lines": 0, "num_statements": 7, "percent_covered": 0.0, "percent_covered_display": "0", "missing_lines": 7, "excluded_lines": 0}, "missing_lines": [63, 64, 65, 66, 67, 70, 71], "excluded_lines": []}, "Command.mark_failed": {"executed_lines": [], "summary": {"covered_lines": 0, "num_statements": 6, "percent_covered": 0.0, "percent_covered_display": "0", "missing_lines": 6, "excluded_lines": 0}, "missing_lines": [75, 76, 77, 78, 81, 82], "excluded_lines": []}, "Command.mark_cancelled": {"executed_lines": [], "summary": {"covered_lines": 0, "num_statements": 2, "percent_covered": 0.0, "percent_covered_display": "0", "missing_lines": 2, "excluded_lines": 0}, "missing_lines": [86, 87], "excluded_lines": []}, "Command.increment_retry": {"executed_lines": [], "summary": {"covered_lines": 0, "num_statements": 3, "percent_covered": 0.0, "percent_covered_display": "0", "missing_lines": 3, "excluded_lines": 0}, "missing_lines": [91, 92, 93], "excluded_lines": []}, "Command.can_retry": {"executed_lines": [], "summary": {"covered_lines": 0, "num_statements": 1, "percent_covered": 0.0, "percent_covered_display": "0", "missing_lines": 1, "excluded_lines": 0}, "missing_lines": [97], "excluded_lines": []}, "Command.get_pending_commands": {"executed_lines": [], "summary": {"covered_lines": 0, "num_statements": 4, "percent_covered": 0.0, "percent_covered_display": "0", "missing_lines": 4, "excluded_lines": 0}, "missing_lines": [102, 103, 104, 105], "excluded_lines": []}, "Command.get_device_commands": {"executed_lines": [], "summary": {"covered_lines": 0, "num_statements": 4, "percent_covered": 0.0, "percent_covered_display": "0", "missing_lines": 4, "excluded_lines": 0}, "missing_lines": [110, 111, 112, 113], "excluded_lines": []}, "Command.get_command_stats": {"executed_lines": [], "summary": {"covered_lines": 0, "num_statements": 9, "percent_covered": 0.0, "percent_covered_display": "0", "missing_lines": 9, "excluded_lines": 0}, "missing_lines": [118, 119, 120, 121, 122, 123, 126, 132, 136], "excluded_lines": []}, "Command.cleanup_old_commands": {"executed_lines": [], "summary": {"covered_lines": 0, "num_statements": 7, "percent_covered": 0.0, "percent_covered_display": "0", "missing_lines": 7, "excluded_lines": 0}, "missing_lines": [151, 152, 154, 159, 160, 162, 163], "excluded_lines": []}, "": {"executed_lines": [1, 2, 3, 5, 6, 7, 9, 10, 11, 12, 13, 14, 15, 16, 17, 20, 21, 22, 23, 26, 27, 28, 32, 34, 37, 56, 61, 73, 84, 89, 95, 99, 100, 107, 108, 115, 116, 148, 149], "summary": {"covered_lines": 38, "num_statements": 38, "percent_covered": 100.0, "percent_covered_display": "100", "missing_lines": 0, "excluded_lines": 0}, "missing_lines": [], "excluded_lines": []}}, "classes": {"Command": {"executed_lines": [], "summary": {"covered_lines": 0, "num_statements": 47, "percent_covered": 0.0, "percent_covered_display": "0", "missing_lines": 47, "excluded_lines": 0}, "missing_lines": [35, 39, 58, 59, 63, 64, 65, 66, 67, 70, 71, 75, 76, 77, 78, 81, 82, 86, 87, 91, 92, 93, 97, 102, 103, 104, 105, 110, 111, 112, 113, 118, 119, 120, 121, 122, 123, 126, 132, 136, 151, 152, 154, 159, 160, 162, 163], "excluded_lines": []}, "": {"executed_lines": [1, 2, 3, 5, 6, 7, 9, 10, 11, 12, 13, 14, 15, 16, 17, 20, 21, 22, 23, 26, 27, 28, 32, 34, 37, 56, 61, 73, 84, 89, 95, 99, 100, 107, 108, 115, 116, 148, 149], "summary": {"covered_lines": 38, "num_statements": 38, "percent_covered": 100.0, "percent_covered_display": "100", "missing_lines": 0, "excluded_lines": 0}, "missing_lines": [], "excluded_lines": []}}}, "app\\models\\data_collection.py": {"executed_lines": [1, 2, 3, 5, 6, 7, 9, 10, 11, 12, 13, 14, 15, 16, 17, 18, 21, 22, 23, 27, 30, 46, 51, 55, 56, 60, 61, 65, 66, 70, 71, 92, 93, 94, 96, 97, 98, 99, 100, 101, 102, 103, 104, 107, 109, 112, 126, 127, 128, 130, 131, 132, 133, 134, 135, 136, 137, 140, 142, 145, 158, 159, 160, 162, 163, 164, 165, 166, 167, 168, 169, 172, 174, 177], "summary": {"covered_lines": 70, "num_statements": 90, "percent_covered": 77.77777777777777, "percent_covered_display": "78", "missing_lines": 20, "excluded_lines": 0}, "missing_lines": [28, 32, 48, 49, 53, 58, 63, 68, 73, 74, 75, 76, 79, 84, 110, 114, 143, 147, 175, 179], "excluded_lines": [], "functions": {"DataCollection.__repr__": {"executed_lines": [], "summary": {"covered_lines": 0, "num_statements": 1, "percent_covered": 0.0, "percent_covered_display": "0", "missing_lines": 1, "excluded_lines": 0}, "missing_lines": [28], "excluded_lines": []}, "DataCollection.to_dict": {"executed_lines": [], "summary": {"covered_lines": 0, "num_statements": 1, "percent_covered": 0.0, "percent_covered_display": "0", "missing_lines": 1, "excluded_lines": 0}, "missing_lines": [32], "excluded_lines": []}, "DataCollection.mark_processed": {"executed_lines": [], "summary": {"covered_lines": 0, "num_statements": 2, "percent_covered": 0.0, "percent_covered_display": "0", "missing_lines": 2, "excluded_lines": 0}, "missing_lines": [48, 49], "excluded_lines": []}, "DataCollection.mark_failed": {"executed_lines": [], "summary": {"covered_lines": 0, "num_statements": 1, "percent_covered": 0.0, "percent_covered_display": "0", "missing_lines": 1, "excluded_lines": 0}, "missing_lines": [53], "excluded_lines": []}, "DataCollection.get_pending_collections": {"executed_lines": [], "summary": {"covered_lines": 0, "num_statements": 1, "percent_covered": 0.0, "percent_covered_display": "0", "missing_lines": 1, "excluded_lines": 0}, "missing_lines": [58], "excluded_lines": []}, "DataCollection.get_collections_by_type": {"executed_lines": [], "summary": {"covered_lines": 0, "num_statements": 1, "percent_covered": 0.0, "percent_covered_display": "0", "missing_lines": 1, "excluded_lines": 0}, "missing_lines": [63], "excluded_lines": []}, "DataCollection.get_device_collections": {"executed_lines": [], "summary": {"covered_lines": 0, "num_statements": 1, "percent_covered": 0.0, "percent_covered_display": "0", "missing_lines": 1, "excluded_lines": 0}, "missing_lines": [68], "excluded_lines": []}, "DataCollection.get_collection_stats": {"executed_lines": [], "summary": {"covered_lines": 0, "num_statements": 6, "percent_covered": 0.0, "percent_covered_display": "0", "missing_lines": 6, "excluded_lines": 0}, "missing_lines": [73, 74, 75, 76, 79, 84], "excluded_lines": []}, "Contact.__repr__": {"executed_lines": [], "summary": {"covered_lines": 0, "num_statements": 1, "percent_covered": 0.0, "percent_covered_display": "0", "missing_lines": 1, "excluded_lines": 0}, "missing_lines": [110], "excluded_lines": []}, "Contact.to_dict": {"executed_lines": [], "summary": {"covered_lines": 0, "num_statements": 1, "percent_covered": 0.0, "percent_covered_display": "0", "missing_lines": 1, "excluded_lines": 0}, "missing_lines": [114], "excluded_lines": []}, "SMS.__repr__": {"executed_lines": [], "summary": {"covered_lines": 0, "num_statements": 1, "percent_covered": 0.0, "percent_covered_display": "0", "missing_lines": 1, "excluded_lines": 0}, "missing_lines": [143], "excluded_lines": []}, "SMS.to_dict": {"executed_lines": [], "summary": {"covered_lines": 0, "num_statements": 1, "percent_covered": 0.0, "percent_covered_display": "0", "missing_lines": 1, "excluded_lines": 0}, "missing_lines": [147], "excluded_lines": []}, "CallLog.__repr__": {"executed_lines": [], "summary": {"covered_lines": 0, "num_statements": 1, "percent_covered": 0.0, "percent_covered_display": "0", "missing_lines": 1, "excluded_lines": 0}, "missing_lines": [175], "excluded_lines": []}, "CallLog.to_dict": {"executed_lines": [], "summary": {"covered_lines": 0, "num_statements": 1, "percent_covered": 0.0, "percent_covered_display": "0", "missing_lines": 1, "excluded_lines": 0}, "missing_lines": [179], "excluded_lines": []}, "": {"executed_lines": [1, 2, 3, 5, 6, 7, 9, 10, 11, 12, 13, 14, 15, 16, 17, 18, 21, 22, 23, 27, 30, 46, 51, 55, 56, 60, 61, 65, 66, 70, 71, 92, 93, 94, 96, 97, 98, 99, 100, 101, 102, 103, 104, 107, 109, 112, 126, 127, 128, 130, 131, 132, 133, 134, 135, 136, 137, 140, 142, 145, 158, 159, 160, 162, 163, 164, 165, 166, 167, 168, 169, 172, 174, 177], "summary": {"covered_lines": 70, "num_statements": 70, "percent_covered": 100.0, "percent_covered_display": "100", "missing_lines": 0, "excluded_lines": 0}, "missing_lines": [], "excluded_lines": []}}, "classes": {"DataCollection": {"executed_lines": [], "summary": {"covered_lines": 0, "num_statements": 14, "percent_covered": 0.0, "percent_covered_display": "0", "missing_lines": 14, "excluded_lines": 0}, "missing_lines": [28, 32, 48, 49, 53, 58, 63, 68, 73, 74, 75, 76, 79, 84], "excluded_lines": []}, "Contact": {"executed_lines": [], "summary": {"covered_lines": 0, "num_statements": 2, "percent_covered": 0.0, "percent_covered_display": "0", "missing_lines": 2, "excluded_lines": 0}, "missing_lines": [110, 114], "excluded_lines": []}, "SMS": {"executed_lines": [], "summary": {"covered_lines": 0, "num_statements": 2, "percent_covered": 0.0, "percent_covered_display": "0", "missing_lines": 2, "excluded_lines": 0}, "missing_lines": [143, 147], "excluded_lines": []}, "CallLog": {"executed_lines": [], "summary": {"covered_lines": 0, "num_statements": 2, "percent_covered": 0.0, "percent_covered_display": "0", "missing_lines": 2, "excluded_lines": 0}, "missing_lines": [175, 179], "excluded_lines": []}, "": {"executed_lines": [1, 2, 3, 5, 6, 7, 9, 10, 11, 12, 13, 14, 15, 16, 17, 18, 21, 22, 23, 27, 30, 46, 51, 55, 56, 60, 61, 65, 66, 70, 71, 92, 93, 94, 96, 97, 98, 99, 100, 101, 102, 103, 104, 107, 109, 112, 126, 127, 128, 130, 131, 132, 133, 134, 135, 136, 137, 140, 142, 145, 158, 159, 160, 162, 163, 164, 165, 166, 167, 168, 169, 172, 174, 177], "summary": {"covered_lines": 70, "num_statements": 70, "percent_covered": 100.0, "percent_covered_display": "100", "missing_lines": 0, "excluded_lines": 0}, "missing_lines": [], "excluded_lines": []}}}, "app\\models\\device.py": {"executed_lines": [1, 2, 3, 5, 6, 7, 9, 10, 11, 12, 13, 14, 15, 16, 17, 18, 19, 20, 23, 24, 25, 26, 29, 30, 31, 34, 35, 36, 37, 40, 41, 42, 44, 45, 47, 74, 92, 97, 98, 102, 103, 107, 108], "summary": {"covered_lines": 42, "num_statements": 65, "percent_covered": 64.61538461538461, "percent_covered_display": "65", "missing_lines": 23, "excluded_lines": 0}, "missing_lines": [49, 76, 77, 78, 79, 80, 81, 82, 83, 84, 85, 86, 87, 89, 90, 94, 95, 100, 105, 110, 111, 112, 114], "excluded_lines": [], "functions": {"Device.__repr__": {"executed_lines": [45], "summary": {"covered_lines": 1, "num_statements": 1, "percent_covered": 100.0, "percent_covered_display": "100", "missing_lines": 0, "excluded_lines": 0}, "missing_lines": [], "excluded_lines": []}, "Device.to_dict": {"executed_lines": [], "summary": {"covered_lines": 0, "num_statements": 1, "percent_covered": 0.0, "percent_covered_display": "0", "missing_lines": 1, "excluded_lines": 0}, "missing_lines": [49], "excluded_lines": []}, "Device.update_status": {"executed_lines": [], "summary": {"covered_lines": 0, "num_statements": 14, "percent_covered": 0.0, "percent_covered_display": "0", "missing_lines": 14, "excluded_lines": 0}, "missing_lines": [76, 77, 78, 79, 80, 81, 82, 83, 84, 85, 86, 87, 89, 90], "excluded_lines": []}, "Device.mark_disconnected": {"executed_lines": [], "summary": {"covered_lines": 0, "num_statements": 2, "percent_covered": 0.0, "percent_covered_display": "0", "missing_lines": 2, "excluded_lines": 0}, "missing_lines": [94, 95], "excluded_lines": []}, "Device.get_active_devices": {"executed_lines": [], "summary": {"covered_lines": 0, "num_statements": 1, "percent_covered": 0.0, "percent_covered_display": "0", "missing_lines": 1, "excluded_lines": 0}, "missing_lines": [100], "excluded_lines": []}, "Device.get_device_by_id": {"executed_lines": [], "summary": {"covered_lines": 0, "num_statements": 1, "percent_covered": 0.0, "percent_covered_display": "0", "missing_lines": 1, "excluded_lines": 0}, "missing_lines": [105], "excluded_lines": []}, "Device.get_device_stats": {"executed_lines": [], "summary": {"covered_lines": 0, "num_statements": 4, "percent_covered": 0.0, "percent_covered_display": "0", "missing_lines": 4, "excluded_lines": 0}, "missing_lines": [110, 111, 112, 114], "excluded_lines": []}, "": {"executed_lines": [1, 2, 3, 5, 6, 7, 9, 10, 11, 12, 13, 14, 15, 16, 17, 18, 19, 20, 23, 24, 25, 26, 29, 30, 31, 34, 35, 36, 37, 40, 41, 42, 44, 47, 74, 92, 97, 98, 102, 103, 107, 108], "summary": {"covered_lines": 41, "num_statements": 41, "percent_covered": 100.0, "percent_covered_display": "100", "missing_lines": 0, "excluded_lines": 0}, "missing_lines": [], "excluded_lines": []}}, "classes": {"Device": {"executed_lines": [45], "summary": {"covered_lines": 1, "num_statements": 24, "percent_covered": 4.166666666666667, "percent_covered_display": "4", "missing_lines": 23, "excluded_lines": 0}, "missing_lines": [49, 76, 77, 78, 79, 80, 81, 82, 83, 84, 85, 86, 87, 89, 90, 94, 95, 100, 105, 110, 111, 112, 114], "excluded_lines": []}, "": {"executed_lines": [1, 2, 3, 5, 6, 7, 9, 10, 11, 12, 13, 14, 15, 16, 17, 18, 19, 20, 23, 24, 25, 26, 29, 30, 31, 34, 35, 36, 37, 40, 41, 42, 44, 47, 74, 92, 97, 98, 102, 103, 107, 108], "summary": {"covered_lines": 41, "num_statements": 41, "percent_covered": 100.0, "percent_covered_display": "100", "missing_lines": 0, "excluded_lines": 0}, "missing_lines": [], "excluded_lines": []}}}, "app\\models\\outbox.py": {"executed_lines": [1, 2, 3, 4, 6, 7, 9, 10, 11, 12, 13, 14, 15, 17], "summary": {"covered_lines": 14, "num_statements": 15, "percent_covered": 93.33333333333333, "percent_covered_display": "93", "missing_lines": 1, "excluded_lines": 0}, "missing_lines": [18], "excluded_lines": [], "functions": {"OutboxEvent.to_dict": {"executed_lines": [], "summary": {"covered_lines": 0, "num_statements": 1, "percent_covered": 0.0, "percent_covered_display": "0", "missing_lines": 1, "excluded_lines": 0}, "missing_lines": [18], "excluded_lines": []}, "": {"executed_lines": [1, 2, 3, 4, 6, 7, 9, 10, 11, 12, 13, 14, 15, 17], "summary": {"covered_lines": 14, "num_statements": 14, "percent_covered": 100.0, "percent_covered_display": "100", "missing_lines": 0, "excluded_lines": 0}, "missing_lines": [], "excluded_lines": []}}, "classes": {"OutboxEvent": {"executed_lines": [], "summary": {"covered_lines": 0, "num_statements": 1, "percent_covered": 0.0, "percent_covered_display": "0", "missing_lines": 1, "excluded_lines": 0}, "missing_lines": [18], "excluded_lines": []}, "": {"executed_lines": [1, 2, 3, 4, 6, 7, 9, 10, 11, 12, 13, 14, 15, 17], "summary": {"covered_lines": 14, "num_statements": 14, "percent_covered": 100.0, "percent_covered_display": "100", "missing_lines": 0, "excluded_lines": 0}, "missing_lines": [], "excluded_lines": []}}}, "app\\models\\security_report.py": {"executed_lines": [1, 2, 3, 5, 6, 7, 9, 10, 11, 12, 13, 14, 16, 19], "summary": {"covered_lines": 13, "num_statements": 15, "percent_covered": 86.66666666666667, "percent_covered_display": "87", "missing_lines": 2, "excluded_lines": 0}, "missing_lines": [17, 20], "excluded_lines": [], "functions": {"SecurityReport.__repr__": {"executed_lines": [], "summary": {"covered_lines": 0, "num_statements": 1, "percent_covered": 0.0, "percent_covered_display": "0", "missing_lines": 1, "excluded_lines": 0}, "missing_lines": [17], "excluded_lines": []}, "SecurityReport.to_dict": {"executed_lines": [], "summary": {"covered_lines": 0, "num_statements": 1, "percent_covered": 0.0, "percent_covered_display": "0", "missing_lines": 1, "excluded_lines": 0}, "missing_lines": [20], "excluded_lines": []}, "": {"executed_lines": [1, 2, 3, 5, 6, 7, 9, 10, 11, 12, 13, 14, 16, 19], "summary": {"covered_lines": 13, "num_statements": 13, "percent_covered": 100.0, "percent_covered_display": "100", "missing_lines": 0, "excluded_lines": 0}, "missing_lines": [], "excluded_lines": []}}, "classes": {"SecurityReport": {"executed_lines": [], "summary": {"covered_lines": 0, "num_statements": 2, "percent_covered": 0.0, "percent_covered_display": "0", "missing_lines": 2, "excluded_lines": 0}, "missing_lines": [17, 20], "excluded_lines": []}, "": {"executed_lines": [1, 2, 3, 5, 6, 7, 9, 10, 11, 12, 13, 14, 16, 19], "summary": {"covered_lines": 13, "num_statements": 13, "percent_covered": 100.0, "percent_covered_display": "100", "missing_lines": 0, "excluded_lines": 0}, "missing_lines": [], "excluded_lines": []}}}, "app\\models\\user.py": {"executed_lines": [1, 2, 4, 5, 7, 8, 9, 10, 11, 12, 13, 14, 16, 19], "summary": {"covered_lines": 14, "num_statements": 16, "percent_covered": 87.5, "percent_covered_display": "88", "missing_lines": 2, "excluded_lines": 0}, "missing_lines": [17, 20], "excluded_lines": [], "functions": {"User.update_last_login": {"executed_lines": [], "summary": {"covered_lines": 0, "num_statements": 1, "percent_covered": 0.0, "percent_covered_display": "0", "missing_lines": 1, "excluded_lines": 0}, "missing_lines": [17], "excluded_lines": []}, "User.to_dict": {"executed_lines": [], "summary": {"covered_lines": 0, "num_statements": 1, "percent_covered": 0.0, "percent_covered_display": "0", "missing_lines": 1, "excluded_lines": 0}, "missing_lines": [20], "excluded_lines": []}, "": {"executed_lines": [1, 2, 4, 5, 7, 8, 9, 10, 11, 12, 13, 14, 16, 19], "summary": {"covered_lines": 14, "num_statements": 14, "percent_covered": 100.0, "percent_covered_display": "100", "missing_lines": 0, "excluded_lines": 0}, "missing_lines": [], "excluded_lines": []}}, "classes": {"User": {"executed_lines": [], "summary": {"covered_lines": 0, "num_statements": 2, "percent_covered": 0.0, "percent_covered_display": "0", "missing_lines": 2, "excluded_lines": 0}, "missing_lines": [17, 20], "excluded_lines": []}, "": {"executed_lines": [1, 2, 4, 5, 7, 8, 9, 10, 11, 12, 13, 14, 16, 19], "summary": {"covered_lines": 14, "num_statements": 14, "percent_covered": 100.0, "percent_covered_display": "100", "missing_lines": 0, "excluded_lines": 0}, "missing_lines": [], "excluded_lines": []}}}, "app\\routes\\analytics.py": {"executed_lines": [1, 2, 3, 4, 5, 6, 7, 8, 9, 10, 11, 12, 14, 15, 17, 19, 20, 21, 22, 34, 76, 77, 78, 79, 93, 138, 139, 140, 141, 154, 196, 197, 198, 199, 212, 254, 255, 256, 257, 258, 270, 311, 312, 313, 314, 315, 329, 363, 364, 365, 366, 367, 404], "summary": {"covered_lines": 53, "num_statements": 156, "percent_covered": 33.97435897435897, "percent_covered_display": "34", "missing_lines": 103, "excluded_lines": 0}, "missing_lines": [36, 38, 39, 40, 43, 44, 45, 48, 49, 50, 53, 55, 72, 73, 74, 95, 97, 98, 99, 101, 102, 105, 106, 107, 110, 113, 116, 118, 134, 135, 136, 156, 158, 159, 161, 162, 165, 168, 171, 174, 177, 179, 192, 193, 194, 214, 216, 217, 219, 220, 223, 226, 229, 232, 235, 237, 250, 251, 252, 272, 274, 276, 277, 280, 283, 286, 289, 292, 294, 307, 308, 309, 331, 333, 334, 336, 337, 339, 340, 341, 342, 343, 344, 346, 348, 359, 360, 361, 406, 407, 409, 410, 412, 413, 414, 415, 417, 418, 421, 428, 435, 436, 437], "excluded_lines": [], "functions": {"get_overview": {"executed_lines": [], "summary": {"covered_lines": 0, "num_statements": 15, "percent_covered": 0.0, "percent_covered_display": "0", "missing_lines": 15, "excluded_lines": 0}, "missing_lines": [36, 38, 39, 40, 43, 44, 45, 48, 49, 50, 53, 55, 72, 73, 74], "excluded_lines": []}, "get_device_analytics": {"executed_lines": [], "summary": {"covered_lines": 0, "num_statements": 16, "percent_covered": 0.0, "percent_covered_display": "0", "missing_lines": 16, "excluded_lines": 0}, "missing_lines": [95, 97, 98, 99, 101, 102, 105, 106, 107, 110, 113, 116, 118, 134, 135, 136], "excluded_lines": []}, "get_data_analytics": {"executed_lines": [], "summary": {"covered_lines": 0, "num_statements": 14, "percent_covered": 0.0, "percent_covered_display": "0", "missing_lines": 14, "excluded_lines": 0}, "missing_lines": [156, 158, 159, 161, 162, 165, 168, 171, 174, 177, 179, 192, 193, 194], "excluded_lines": []}, "get_command_analytics": {"executed_lines": [], "summary": {"covered_lines": 0, "num_statements": 14, "percent_covered": 0.0, "percent_covered_display": "0", "missing_lines": 14, "excluded_lines": 0}, "missing_lines": [214, 216, 217, 219, 220, 223, 226, 229, 232, 235, 237, 250, 251, 252], "excluded_lines": []}, "get_security_analytics": {"executed_lines": [], "summary": {"covered_lines": 0, "num_statements": 13, "percent_covered": 0.0, "percent_covered_display": "0", "missing_lines": 13, "excluded_lines": 0}, "missing_lines": [272, 274, 276, 277, 280, 283, 286, 289, 292, 294, 307, 308, 309], "excluded_lines": []}, "get_reports": {"executed_lines": [], "summary": {"covered_lines": 0, "num_statements": 16, "percent_covered": 0.0, "percent_covered_display": "0", "missing_lines": 16, "excluded_lines": 0}, "missing_lines": [331, 333, 334, 336, 337, 339, 340, 341, 342, 343, 344, 346, 348, 359, 360, 361], "excluded_lines": []}, "export_analytics": {"executed_lines": [], "summary": {"covered_lines": 0, "num_statements": 15, "percent_covered": 0.0, "percent_covered_display": "0", "missing_lines": 15, "excluded_lines": 0}, "missing_lines": [406, 407, 409, 410, 412, 413, 414, 415, 417, 418, 421, 428, 435, 436, 437], "excluded_lines": []}, "": {"executed_lines": [1, 2, 3, 4, 5, 6, 7, 8, 9, 10, 11, 12, 14, 15, 17, 19, 20, 21, 22, 34, 76, 77, 78, 79, 93, 138, 139, 140, 141, 154, 196, 197, 198, 199, 212, 254, 255, 256, 257, 258, 270, 311, 312, 313, 314, 315, 329, 363, 364, 365, 366, 367, 404], "summary": {"covered_lines": 53, "num_statements": 53, "percent_covered": 100.0, "percent_covered_display": "100", "missing_lines": 0, "excluded_lines": 0}, "missing_lines": [], "excluded_lines": []}}, "classes": {"": {"executed_lines": [1, 2, 3, 4, 5, 6, 7, 8, 9, 10, 11, 12, 14, 15, 17, 19, 20, 21, 22, 34, 76, 77, 78, 79, 93, 138, 139, 140, 141, 154, 196, 197, 198, 199, 212, 254, 255, 256, 257, 258, 270, 311, 312, 313, 314, 315, 329, 363, 364, 365, 366, 367, 404], "summary": {"covered_lines": 53, "num_statements": 156, "percent_covered": 33.97435897435897, "percent_covered_display": "34", "missing_lines": 103, "excluded_lines": 0}, "missing_lines": [36, 38, 39, 40, 43, 44, 45, 48, 49, 50, 53, 55, 72, 73, 74, 95, 97, 98, 99, 101, 102, 105, 106, 107, 110, 113, 116, 118, 134, 135, 136, 156, 158, 159, 161, 162, 165, 168, 171, 174, 177, 179, 192, 193, 194, 214, 216, 217, 219, 220, 223, 226, 229, 232, 235, 237, 250, 251, 252, 272, 274, 276, 277, 280, 283, 286, 289, 292, 294, 307, 308, 309, 331, 333, 334, 336, 337, 339, 340, 341, 342, 343, 344, 346, 348, 359, 360, 361, 406, 407, 409, 410, 412, 413, 414, 415, 417, 418, 421, 428, 435, 436, 437], "excluded_lines": []}}}, "app\\routes\\auth.py": {"executed_lines": [1, 2, 4, 5, 6, 7, 8, 9, 10, 11, 12, 14, 15, 17, 18, 19, 55, 108, 109, 110, 151, 152, 153, 162, 175, 176, 177, 196, 219, 220, 221, 239, 264, 265, 266, 292, 332, 333, 334, 370], "summary": {"covered_lines": 40, "num_statements": 162, "percent_covered": 24.691358024691358, "percent_covered_display": "25", "missing_lines": 122, "excluded_lines": 0}, "missing_lines": [57, 58, 60, 61, 64, 65, 66, 68, 69, 72, 74, 75, 76, 78, 79, 82, 83, 86, 87, 89, 91, 104, 105, 106, 114, 115, 116, 117, 118, 119, 122, 123, 124, 125, 126, 127, 128, 129, 132, 133, 134, 135, 136, 139, 140, 142, 147, 148, 149, 164, 167, 169, 171, 172, 173, 198, 199, 200, 202, 203, 206, 208, 210, 215, 216, 217, 241, 242, 243, 245, 246, 248, 260, 261, 262, 294, 295, 296, 298, 299, 301, 303, 304, 306, 307, 309, 310, 313, 314, 317, 318, 321, 322, 324, 326, 328, 329, 330, 372, 373, 375, 376, 378, 379, 380, 381, 384, 385, 387, 388, 391, 392, 394, 395, 398, 405, 406, 408, 410, 420, 421, 422], "excluded_lines": [], "functions": {"login": {"executed_lines": [], "summary": {"covered_lines": 0, "num_statements": 24, "percent_covered": 0.0, "percent_covered_display": "0", "missing_lines": 24, "excluded_lines": 0}, "missing_lines": [57, 58, 60, 61, 64, 65, 66, 68, 69, 72, 74, 75, 76, 78, 79, 82, 83, 86, 87, 89, 91, 104, 105, 106], "excluded_lines": []}, "device_login": {"executed_lines": [], "summary": {"covered_lines": 0, "num_statements": 25, "percent_covered": 0.0, "percent_covered_display": "0", "missing_lines": 25, "excluded_lines": 0}, "missing_lines": [114, 115, 116, 117, 118, 119, 122, 123, 124, 125, 126, 127, 128, 129, 132, 133, 134, 135, 136, 139, 140, 142, 147, 148, 149], "excluded_lines": []}, "logout": {"executed_lines": [], "summary": {"covered_lines": 0, "num_statements": 6, "percent_covered": 0.0, "percent_covered_display": "0", "missing_lines": 6, "excluded_lines": 0}, "missing_lines": [164, 167, 169, 171, 172, 173], "excluded_lines": []}, "refresh": {"executed_lines": [], "summary": {"covered_lines": 0, "num_statements": 11, "percent_covered": 0.0, "percent_covered_display": "0", "missing_lines": 11, "excluded_lines": 0}, "missing_lines": [198, 199, 200, 202, 203, 206, 208, 210, 215, 216, 217], "excluded_lines": []}, "get_profile": {"executed_lines": [], "summary": {"covered_lines": 0, "num_statements": 9, "percent_covered": 0.0, "percent_covered_display": "0", "missing_lines": 9, "excluded_lines": 0}, "missing_lines": [241, 242, 243, 245, 246, 248, 260, 261, 262], "excluded_lines": []}, "change_password": {"executed_lines": [], "summary": {"covered_lines": 0, "num_statements": 23, "percent_covered": 0.0, "percent_covered_display": "0", "missing_lines": 23, "excluded_lines": 0}, "missing_lines": [294, 295, 296, 298, 299, 301, 303, 304, 306, 307, 309, 310, 313, 314, 317, 318, 321, 322, 324, 326, 328, 329, 330], "excluded_lines": []}, "register": {"executed_lines": [], "summary": {"covered_lines": 0, "num_statements": 24, "percent_covered": 0.0, "percent_covered_display": "0", "missing_lines": 24, "excluded_lines": 0}, "missing_lines": [372, 373, 375, 376, 378, 379, 380, 381, 384, 385, 387, 388, 391, 392, 394, 395, 398, 405, 406, 408, 410, 420, 421, 422], "excluded_lines": []}, "": {"executed_lines": [1, 2, 4, 5, 6, 7, 8, 9, 10, 11, 12, 14, 15, 17, 18, 19, 55, 108, 109, 110, 151, 152, 153, 162, 175, 176, 177, 196, 219, 220, 221, 239, 264, 265, 266, 292, 332, 333, 334, 370], "summary": {"covered_lines": 40, "num_statements": 40, "percent_covered": 100.0, "percent_covered_display": "100", "missing_lines": 0, "excluded_lines": 0}, "missing_lines": [], "excluded_lines": []}}, "classes": {"": {"executed_lines": [1, 2, 4, 5, 6, 7, 8, 9, 10, 11, 12, 14, 15, 17, 18, 19, 55, 108, 109, 110, 151, 152, 153, 162, 175, 176, 177, 196, 219, 220, 221, 239, 264, 265, 266, 292, 332, 333, 334, 370], "summary": {"covered_lines": 40, "num_statements": 162, "percent_covered": 24.691358024691358, "percent_covered_display": "25", "missing_lines": 122, "excluded_lines": 0}, "missing_lines": [57, 58, 60, 61, 64, 65, 66, 68, 69, 72, 74, 75, 76, 78, 79, 82, 83, 86, 87, 89, 91, 104, 105, 106, 114, 115, 116, 117, 118, 119, 122, 123, 124, 125, 126, 127, 128, 129, 132, 133, 134, 135, 136, 139, 140, 142, 147, 148, 149, 164, 167, 169, 171, 172, 173, 198, 199, 200, 202, 203, 206, 208, 210, 215, 216, 217, 241, 242, 243, 245, 246, 248, 260, 261, 262, 294, 295, 296, 298, 299, 301, 303, 304, 306, 307, 309, 310, 313, 314, 317, 318, 321, 322, 324, 326, 328, 329, 330, 372, 373, 375, 376, 378, 379, 380, 381, 384, 385, 387, 388, 391, 392, 394, 395, 398, 405, 406, 408, 410, 420, 421, 422], "excluded_lines": []}}}, "app\\routes\\commands.py": {"executed_lines": [1, 2, 3, 4, 5, 6, 7, 9, 12, 21, 22, 23, 66, 67, 68, 96, 97, 98], "summary": {"covered_lines": 18, "num_statements": 73, "percent_covered": 24.65753424657534, "percent_covered_display": "25", "missing_lines": 55, "excluded_lines": 0}, "missing_lines": [25, 26, 27, 29, 30, 31, 32, 34, 35, 37, 38, 40, 41, 42, 45, 52, 53, 56, 63, 70, 71, 72, 73, 75, 76, 77, 79, 82, 83, 84, 86, 100, 101, 102, 103, 105, 106, 107, 108, 110, 111, 112, 114, 115, 116, 118, 119, 120, 121, 124, 125, 126, 127, 129, 130], "excluded_lines": [], "functions": {"create_command": {"executed_lines": [], "summary": {"covered_lines": 0, "num_statements": 19, "percent_covered": 0.0, "percent_covered_display": "0", "missing_lines": 19, "excluded_lines": 0}, "missing_lines": [25, 26, 27, 29, 30, 31, 32, 34, 35, 37, 38, 40, 41, 42, 45, 52, 53, 56, 63], "excluded_lines": []}, "get_pending_commands": {"executed_lines": [], "summary": {"covered_lines": 0, "num_statements": 12, "percent_covered": 0.0, "percent_covered_display": "0", "missing_lines": 12, "excluded_lines": 0}, "missing_lines": [70, 71, 72, 73, 75, 76, 77, 79, 82, 83, 84, 86], "excluded_lines": []}, "update_command_result": {"executed_lines": [], "summary": {"covered_lines": 0, "num_statements": 24, "percent_covered": 0.0, "percent_covered_display": "0", "missing_lines": 24, "excluded_lines": 0}, "missing_lines": [100, 101, 102, 103, 105, 106, 107, 108, 110, 111, 112, 114, 115, 116, 118, 119, 120, 121, 124, 125, 126, 127, 129, 130], "excluded_lines": []}, "": {"executed_lines": [1, 2, 3, 4, 5, 6, 7, 9, 12, 21, 22, 23, 66, 67, 68, 96, 97, 98], "summary": {"covered_lines": 18, "num_statements": 18, "percent_covered": 100.0, "percent_covered_display": "100", "missing_lines": 0, "excluded_lines": 0}, "missing_lines": [], "excluded_lines": []}}, "classes": {"": {"executed_lines": [1, 2, 3, 4, 5, 6, 7, 9, 12, 21, 22, 23, 66, 67, 68, 96, 97, 98], "summary": {"covered_lines": 18, "num_statements": 73, "percent_covered": 24.65753424657534, "percent_covered_display": "25", "missing_lines": 55, "excluded_lines": 0}, "missing_lines": [25, 26, 27, 29, 30, 31, 32, 34, 35, 37, 38, 40, 41, 42, 45, 52, 53, 56, 63, 70, 71, 72, 73, 75, 76, 77, 79, 82, 83, 84, 86, 100, 101, 102, 103, 105, 106, 107, 108, 110, 111, 112, 114, 115, 116, 118, 119, 120, 121, 124, 125, 126, 127, 129, 130], "excluded_lines": []}}}, "app\\routes\\devices.py": {"executed_lines": [1, 2, 3, 4, 5, 6, 7, 8, 9, 10, 11, 12, 13, 15, 16, 18, 19, 21, 22, 23, 24, 95, 142, 143, 144, 145, 173, 190, 191, 192, 193, 194, 236, 291, 292, 293, 294, 321, 374, 375, 376, 377, 389, 412, 413, 414, 415, 416, 429, 455, 456, 457, 458, 477, 478, 479, 480], "summary": {"covered_lines": 57, "num_statements": 177, "percent_covered": 32.20338983050848, "percent_covered_display": "32", "missing_lines": 120, "excluded_lines": 0}, "missing_lines": [97, 99, 100, 101, 102, 103, 106, 108, 109, 110, 111, 113, 114, 116, 117, 120, 124, 126, 138, 139, 140, 175, 176, 179, 181, 186, 187, 188, 238, 239, 241, 242, 244, 246, 247, 250, 251, 252, 254, 255, 256, 259, 267, 268, 271, 279, 281, 287, 288, 289, 323, 324, 327, 328, 329, 330, 331, 334, 335, 336, 337, 338, 339, 342, 343, 344, 347, 348, 349, 350, 353, 357, 359, 370, 371, 372, 391, 392, 394, 406, 408, 409, 410, 431, 432, 434, 435, 438, 444, 445, 447, 449, 451, 452, 453, 460, 461, 464, 471, 473, 474, 475, 482, 483, 484, 486, 487, 489, 491, 492, 493, 494, 495, 496, 499, 508, 510, 517, 518, 519], "excluded_lines": [], "functions": {"get_devices": {"executed_lines": [], "summary": {"covered_lines": 0, "num_statements": 21, "percent_covered": 0.0, "percent_covered_display": "0", "missing_lines": 21, "excluded_lines": 0}, "missing_lines": [97, 99, 100, 101, 102, 103, 106, 108, 109, 110, 111, 113, 114, 116, 117, 120, 124, 126, 138, 139, 140], "excluded_lines": []}, "get_device": {"executed_lines": [], "summary": {"covered_lines": 0, "num_statements": 7, "percent_covered": 0.0, "percent_covered_display": "0", "missing_lines": 7, "excluded_lines": 0}, "missing_lines": [175, 176, 179, 181, 186, 187, 188], "excluded_lines": []}, "send_command": {"executed_lines": [], "summary": {"covered_lines": 0, "num_statements": 22, "percent_covered": 0.0, "percent_covered_display": "0", "missing_lines": 22, "excluded_lines": 0}, "missing_lines": [238, 239, 241, 242, 244, 246, 247, 250, 251, 252, 254, 255, 256, 259, 267, 268, 271, 279, 281, 287, 288, 289], "excluded_lines": []}, "get_device_data": {"executed_lines": [], "summary": {"covered_lines": 0, "num_statements": 26, "percent_covered": 0.0, "percent_covered_display": "0", "missing_lines": 26, "excluded_lines": 0}, "missing_lines": [323, 324, 327, 328, 329, 330, 331, 334, 335, 336, 337, 338, 339, 342, 343, 344, 347, 348, 349, 350, 353, 357, 359, 370, 371, 372], "excluded_lines": []}, "get_device_status": {"executed_lines": [], "summary": {"covered_lines": 0, "num_statements": 7, "percent_covered": 0.0, "percent_covered_display": "0", "missing_lines": 7, "excluded_lines": 0}, "missing_lines": [391, 392, 394, 406, 408, 409, 410], "excluded_lines": []}, "disconnect_device": {"executed_lines": [], "summary": {"covered_lines": 0, "num_statements": 12, "percent_covered": 0.0, "percent_covered_display": "0", "missing_lines": 12, "excluded_lines": 0}, "missing_lines": [431, 432, 434, 435, 438, 444, 445, 447, 449, 451, 452, 453], "excluded_lines": []}, "get_device_stats": {"executed_lines": [], "summary": {"covered_lines": 0, "num_statements": 7, "percent_covered": 0.0, "percent_covered_display": "0", "missing_lines": 7, "excluded_lines": 0}, "missing_lines": [460, 461, 464, 471, 473, 474, 475], "excluded_lines": []}, "search_devices": {"executed_lines": [], "summary": {"covered_lines": 0, "num_statements": 18, "percent_covered": 0.0, "percent_covered_display": "0", "missing_lines": 18, "excluded_lines": 0}, "missing_lines": [482, 483, 484, 486, 487, 489, 491, 492, 493, 494, 495, 496, 499, 508, 510, 517, 518, 519], "excluded_lines": []}, "": {"executed_lines": [1, 2, 3, 4, 5, 6, 7, 8, 9, 10, 11, 12, 13, 15, 16, 18, 19, 21, 22, 23, 24, 95, 142, 143, 144, 145, 173, 190, 191, 192, 193, 194, 236, 291, 292, 293, 294, 321, 374, 375, 376, 377, 389, 412, 413, 414, 415, 416, 429, 455, 456, 457, 458, 477, 478, 479, 480], "summary": {"covered_lines": 57, "num_statements": 57, "percent_covered": 100.0, "percent_covered_display": "100", "missing_lines": 0, "excluded_lines": 0}, "missing_lines": [], "excluded_lines": []}}, "classes": {"": {"executed_lines": [1, 2, 3, 4, 5, 6, 7, 8, 9, 10, 11, 12, 13, 15, 16, 18, 19, 21, 22, 23, 24, 95, 142, 143, 144, 145, 173, 190, 191, 192, 193, 194, 236, 291, 292, 293, 294, 321, 374, 375, 376, 377, 389, 412, 413, 414, 415, 416, 429, 455, 456, 457, 458, 477, 478, 479, 480], "summary": {"covered_lines": 57, "num_statements": 177, "percent_covered": 32.20338983050848, "percent_covered_display": "32", "missing_lines": 120, "excluded_lines": 0}, "missing_lines": [97, 99, 100, 101, 102, 103, 106, 108, 109, 110, 111, 113, 114, 116, 117, 120, 124, 126, 138, 139, 140, 175, 176, 179, 181, 186, 187, 188, 238, 239, 241, 242, 244, 246, 247, 250, 251, 252, 254, 255, 256, 259, 267, 268, 271, 279, 281, 287, 288, 289, 323, 324, 327, 328, 329, 330, 331, 334, 335, 336, 337, 338, 339, 342, 343, 344, 347, 348, 349, 350, 353, 357, 359, 370, 371, 372, 391, 392, 394, 406, 408, 409, 410, 431, 432, 434, 435, 438, 444, 445, 447, 449, 451, 452, 453, 460, 461, 464, 471, 473, 474, 475, 482, 483, 484, 486, 487, 489, 491, 492, 493, 494, 495, 496, 499, 508, 510, 517, 518, 519], "excluded_lines": []}}}, "app\\routes\\health.py": {"executed_lines": [1, 2, 3, 5, 7, 8, 9, 13, 14], "summary": {"covered_lines": 9, "num_statements": 26, "percent_covered": 34.61538461538461, "percent_covered_display": "35", "missing_lines": 17, "excluded_lines": 0}, "missing_lines": [16, 17, 20, 21, 22, 23, 24, 25, 28, 29, 30, 31, 33, 34, 35, 36, 38], "excluded_lines": [], "functions": {"health": {"executed_lines": [9], "summary": {"covered_lines": 1, "num_statements": 1, "percent_covered": 100.0, "percent_covered_display": "100", "missing_lines": 0, "excluded_lines": 0}, "missing_lines": [], "excluded_lines": []}, "health_detailed": {"executed_lines": [], "summary": {"covered_lines": 0, "num_statements": 17, "percent_covered": 0.0, "percent_covered_display": "0", "missing_lines": 17, "excluded_lines": 0}, "missing_lines": [16, 17, 20, 21, 22, 23, 24, 25, 28, 29, 30, 31, 33, 34, 35, 36, 38], "excluded_lines": []}, "": {"executed_lines": [1, 2, 3, 5, 7, 8, 13, 14], "summary": {"covered_lines": 8, "num_statements": 8, "percent_covered": 100.0, "percent_covered_display": "100", "missing_lines": 0, "excluded_lines": 0}, "missing_lines": [], "excluded_lines": []}}, "classes": {"": {"executed_lines": [1, 2, 3, 5, 7, 8, 9, 13, 14], "summary": {"covered_lines": 9, "num_statements": 26, "percent_covered": 34.61538461538461, "percent_covered_display": "35", "missing_lines": 17, "excluded_lines": 0}, "missing_lines": [16, 17, 20, 21, 22, 23, 24, 25, 28, 29, 30, 31, 33, 34, 35, 36, 38], "excluded_lines": []}}}, "app\\services\\__init__.py": {"executed_lines": [0], "summary": {"covered_lines": 0, "num_statements": 0, "percent_covered": 100.0, "percent_covered_display": "100", "missing_lines": 0, "excluded_lines": 0}, "missing_lines": [], "excluded_lines": [], "functions": {"": {"executed_lines": [], "summary": {"covered_lines": 0, "num_statements": 0, "percent_covered": 100.0, "percent_covered_display": "100", "missing_lines": 0, "excluded_lines": 0}, "missing_lines": [], "excluded_lines": []}}, "classes": {"": {"executed_lines": [], "summary": {"covered_lines": 0, "num_statements": 0, "percent_covered": 100.0, "percent_covered_display": "100", "missing_lines": 0, "excluded_lines": 0}, "missing_lines": [], "excluded_lines": []}}}, "app\\services\\analytics_service.py": {"executed_lines": [1, 2, 3, 4, 5, 6, 8, 9, 11, 13, 14, 15, 16, 17, 21, 25, 27, 29, 30, 31, 32, 33, 37, 39, 40, 44, 46, 48, 49, 50, 51, 52, 56, 58, 59, 63, 65, 66, 67, 69, 73, 77, 78, 84, 86, 88, 94, 96, 97, 101, 106, 111, 118, 128, 137, 138, 142, 147, 152, 159, 160, 167, 169, 178, 191, 195, 198, 202, 206, 214, 217, 223], "summary": {"covered_lines": 71, "num_statements": 96, "percent_covered": 73.95833333333333, "percent_covered_display": "74", "missing_lines": 25, "excluded_lines": 0}, "missing_lines": [38, 57, 70, 71, 74, 75, 120, 126, 129, 135, 170, 176, 180, 181, 182, 183, 184, 193, 196, 200, 204, 208, 215, 218, 225], "excluded_lines": [], "functions": {"AnalyticsService.get_device_activity": {"executed_lines": [13, 14, 15, 16, 17, 21, 25], "summary": {"covered_lines": 7, "num_statements": 7, "percent_covered": 100.0, "percent_covered_display": "100", "missing_lines": 0, "excluded_lines": 0}, "missing_lines": [], "excluded_lines": []}, "AnalyticsService.get_data_collection_trends": {"executed_lines": [29, 30, 31, 32, 33, 37, 39, 40, 44], "summary": {"covered_lines": 9, "num_statements": 10, "percent_covered": 90.0, "percent_covered_display": "90", "missing_lines": 1, "excluded_lines": 0}, "missing_lines": [38], "excluded_lines": []}, "AnalyticsService.get_command_execution_trends": {"executed_lines": [48, 49, 50, 51, 52, 56, 58, 59, 63], "summary": {"covered_lines": 9, "num_statements": 10, "percent_covered": 90.0, "percent_covered_display": "90", "missing_lines": 1, "excluded_lines": 0}, "missing_lines": [57], "excluded_lines": []}, "AnalyticsService.get_android_version_distribution": {"executed_lines": [66, 67], "summary": {"covered_lines": 2, "num_statements": 2, "percent_covered": 100.0, "percent_covered_display": "100", "missing_lines": 0, "excluded_lines": 0}, "missing_lines": [], "excluded_lines": []}, "AnalyticsService.get_manufacturer_distribution": {"executed_lines": [], "summary": {"covered_lines": 0, "num_statements": 2, "percent_covered": 0.0, "percent_covered_display": "0", "missing_lines": 2, "excluded_lines": 0}, "missing_lines": [70, 71], "excluded_lines": []}, "AnalyticsService.get_security_level_distribution": {"executed_lines": [], "summary": {"covered_lines": 0, "num_statements": 2, "percent_covered": 0.0, "percent_covered_display": "0", "missing_lines": 2, "excluded_lines": 0}, "missing_lines": [74, 75], "excluded_lines": []}, "AnalyticsService.get_data_type_distribution": {"executed_lines": [78, 84], "summary": {"covered_lines": 2, "num_statements": 2, "percent_covered": 100.0, "percent_covered_display": "100", "missing_lines": 0, "excluded_lines": 0}, "missing_lines": [], "excluded_lines": []}, "AnalyticsService.get_data_volume_statistics": {"executed_lines": [88, 94], "summary": {"covered_lines": 2, "num_statements": 2, "percent_covered": 100.0, "percent_covered_display": "100", "missing_lines": 0, "excluded_lines": 0}, "missing_lines": [], "excluded_lines": []}, "AnalyticsService.get_data_collection_success_rates": {"executed_lines": [97, 101, 106, 111], "summary": {"covered_lines": 4, "num_statements": 4, "percent_covered": 100.0, "percent_covered_display": "100", "missing_lines": 0, "excluded_lines": 0}, "missing_lines": [], "excluded_lines": []}, "AnalyticsService.get_device_data_patterns": {"executed_lines": [], "summary": {"covered_lines": 0, "num_statements": 2, "percent_covered": 0.0, "percent_covered_display": "0", "missing_lines": 2, "excluded_lines": 0}, "missing_lines": [120, 126], "excluded_lines": []}, "AnalyticsService.get_command_type_distribution": {"executed_lines": [], "summary": {"covered_lines": 0, "num_statements": 2, "percent_covered": 0.0, "percent_covered_display": "0", "missing_lines": 2, "excluded_lines": 0}, "missing_lines": [129, 135], "excluded_lines": []}, "AnalyticsService.get_command_success_rates": {"executed_lines": [138, 142, 147, 152], "summary": {"covered_lines": 4, "num_statements": 4, "percent_covered": 100.0, "percent_covered_display": "100", "missing_lines": 0, "excluded_lines": 0}, "missing_lines": [], "excluded_lines": []}, "AnalyticsService.get_command_execution_times": {"executed_lines": [160, 167], "summary": {"covered_lines": 2, "num_statements": 2, "percent_covered": 100.0, "percent_covered_display": "100", "missing_lines": 0, "excluded_lines": 0}, "missing_lines": [], "excluded_lines": []}, "AnalyticsService.get_device_command_patterns": {"executed_lines": [], "summary": {"covered_lines": 0, "num_statements": 2, "percent_covered": 0.0, "percent_covered_display": "0", "missing_lines": 2, "excluded_lines": 0}, "missing_lines": [170, 176], "excluded_lines": []}, "AnalyticsService.get_security_statistics": {"executed_lines": [], "summary": {"covered_lines": 0, "num_statements": 5, "percent_covered": 0.0, "percent_covered_display": "0", "missing_lines": 5, "excluded_lines": 0}, "missing_lines": [180, 181, 182, 183, 184], "excluded_lines": []}, "AnalyticsService.get_security_incidents": {"executed_lines": [], "summary": {"covered_lines": 0, "num_statements": 1, "percent_covered": 0.0, "percent_covered_display": "0", "missing_lines": 1, "excluded_lines": 0}, "missing_lines": [193], "excluded_lines": []}, "AnalyticsService.get_device_security_levels": {"executed_lines": [], "summary": {"covered_lines": 0, "num_statements": 1, "percent_covered": 0.0, "percent_covered_display": "0", "missing_lines": 1, "excluded_lines": 0}, "missing_lines": [196], "excluded_lines": []}, "AnalyticsService.get_threat_analysis": {"executed_lines": [], "summary": {"covered_lines": 0, "num_statements": 1, "percent_covered": 0.0, "percent_covered_display": "0", "missing_lines": 1, "excluded_lines": 0}, "missing_lines": [200], "excluded_lines": []}, "AnalyticsService.get_compliance_status": {"executed_lines": [], "summary": {"covered_lines": 0, "num_statements": 1, "percent_covered": 0.0, "percent_covered_display": "0", "missing_lines": 1, "excluded_lines": 0}, "missing_lines": [204], "excluded_lines": []}, "AnalyticsService.generate_comprehensive_report": {"executed_lines": [], "summary": {"covered_lines": 0, "num_statements": 1, "percent_covered": 0.0, "percent_covered_display": "0", "missing_lines": 1, "excluded_lines": 0}, "missing_lines": [208], "excluded_lines": []}, "AnalyticsService.generate_security_report": {"executed_lines": [], "summary": {"covered_lines": 0, "num_statements": 1, "percent_covered": 0.0, "percent_covered_display": "0", "missing_lines": 1, "excluded_lines": 0}, "missing_lines": [215], "excluded_lines": []}, "AnalyticsService.generate_performance_report": {"executed_lines": [], "summary": {"covered_lines": 0, "num_statements": 1, "percent_covered": 0.0, "percent_covered_display": "0", "missing_lines": 1, "excluded_lines": 0}, "missing_lines": [218], "excluded_lines": []}, "AnalyticsService.export_data": {"executed_lines": [], "summary": {"covered_lines": 0, "num_statements": 1, "percent_covered": 0.0, "percent_covered_display": "0", "missing_lines": 1, "excluded_lines": 0}, "missing_lines": [225], "excluded_lines": []}, "": {"executed_lines": [1, 2, 3, 4, 5, 6, 8, 9, 11, 27, 46, 65, 69, 73, 77, 86, 96, 118, 128, 137, 159, 169, 178, 191, 195, 198, 202, 206, 214, 217, 223], "summary": {"covered_lines": 30, "num_statements": 30, "percent_covered": 100.0, "percent_covered_display": "100", "missing_lines": 0, "excluded_lines": 0}, "missing_lines": [], "excluded_lines": []}}, "classes": {"AnalyticsService": {"executed_lines": [13, 14, 15, 16, 17, 21, 25, 29, 30, 31, 32, 33, 37, 39, 40, 44, 48, 49, 50, 51, 52, 56, 58, 59, 63, 66, 67, 78, 84, 88, 94, 97, 101, 106, 111, 138, 142, 147, 152, 160, 167], "summary": {"covered_lines": 41, "num_statements": 66, "percent_covered": 62.121212121212125, "percent_covered_display": "62", "missing_lines": 25, "excluded_lines": 0}, "missing_lines": [38, 57, 70, 71, 74, 75, 120, 126, 129, 135, 170, 176, 180, 181, 182, 183, 184, 193, 196, 200, 204, 208, 215, 218, 225], "excluded_lines": []}, "": {"executed_lines": [1, 2, 3, 4, 5, 6, 8, 9, 11, 27, 46, 65, 69, 73, 77, 86, 96, 118, 128, 137, 159, 169, 178, 191, 195, 198, 202, 206, 214, 217, 223], "summary": {"covered_lines": 30, "num_statements": 30, "percent_covered": 100.0, "percent_covered_display": "100", "missing_lines": 0, "excluded_lines": 0}, "missing_lines": [], "excluded_lines": []}}}, "app\\services\\command_service.py": {"executed_lines": [1, 2, 3, 4, 5, 6, 7, 9, 11, 12, 14, 49, 77], "summary": {"covered_lines": 12, "num_statements": 61, "percent_covered": 19.672131147540984, "percent_covered_display": "20", "missing_lines": 49, "excluded_lines": 0}, "missing_lines": [15, 22, 23, 26, 32, 37, 38, 41, 42, 43, 45, 47, 50, 51, 52, 53, 54, 55, 58, 64, 69, 70, 71, 72, 73, 74, 75, 81, 82, 83, 84, 85, 86, 88, 90, 91, 92, 94, 95, 97, 98, 100, 101, 102, 103, 104, 105, 106, 108], "excluded_lines": [], "functions": {"CommandService.create_command": {"executed_lines": [], "summary": {"covered_lines": 0, "num_statements": 12, "percent_covered": 0.0, "percent_covered_display": "0", "missing_lines": 12, "excluded_lines": 0}, "missing_lines": [15, 22, 23, 26, 32, 37, 38, 41, 42, 43, 45, 47], "excluded_lines": []}, "CommandService.mark_command_completed": {"executed_lines": [], "summary": {"covered_lines": 0, "num_statements": 15, "percent_covered": 0.0, "percent_covered_display": "0", "missing_lines": 15, "excluded_lines": 0}, "missing_lines": [50, 51, 52, 53, 54, 55, 58, 64, 69, 70, 71, 72, 73, 74, 75], "excluded_lines": []}, "CommandService.process_outbox_events": {"executed_lines": [], "summary": {"covered_lines": 0, "num_statements": 22, "percent_covered": 0.0, "percent_covered_display": "0", "missing_lines": 22, "excluded_lines": 0}, "missing_lines": [81, 82, 83, 84, 85, 86, 88, 90, 91, 92, 94, 95, 97, 98, 100, 101, 102, 103, 104, 105, 106, 108], "excluded_lines": []}, "": {"executed_lines": [1, 2, 3, 4, 5, 6, 7, 9, 11, 12, 14, 49, 77], "summary": {"covered_lines": 12, "num_statements": 12, "percent_covered": 100.0, "percent_covered_display": "100", "missing_lines": 0, "excluded_lines": 0}, "missing_lines": [], "excluded_lines": []}}, "classes": {"CommandService": {"executed_lines": [], "summary": {"covered_lines": 0, "num_statements": 49, "percent_covered": 0.0, "percent_covered_display": "0", "missing_lines": 49, "excluded_lines": 0}, "missing_lines": [15, 22, 23, 26, 32, 37, 38, 41, 42, 43, 45, 47, 50, 51, 52, 53, 54, 55, 58, 64, 69, 70, 71, 72, 73, 74, 75, 81, 82, 83, 84, 85, 86, 88, 90, 91, 92, 94, 95, 97, 98, 100, 101, 102, 103, 104, 105, 106, 108], "excluded_lines": []}, "": {"executed_lines": [1, 2, 3, 4, 5, 6, 7, 9, 11, 12, 14, 49, 77], "summary": {"covered_lines": 12, "num_statements": 12, "percent_covered": 100.0, "percent_covered_display": "100", "missing_lines": 0, "excluded_lines": 0}, "missing_lines": [], "excluded_lines": []}}}, "app\\services\\device_service.py": {"executed_lines": [1, 2, 3, 4, 6, 7, 9, 24, 28, 32, 36], "summary": {"covered_lines": 10, "num_statements": 27, "percent_covered": 37.03703703703704, "percent_covered_display": "37", "missing_lines": 17, "excluded_lines": 0}, "missing_lines": [10, 11, 12, 14, 22, 25, 26, 29, 30, 33, 34, 38, 39, 40, 41, 42, 46], "excluded_lines": [], "functions": {"DeviceService.get_device_statistics": {"executed_lines": [], "summary": {"covered_lines": 0, "num_statements": 5, "percent_covered": 0.0, "percent_covered_display": "0", "missing_lines": 5, "excluded_lines": 0}, "missing_lines": [10, 11, 12, 14, 22], "excluded_lines": []}, "DeviceService.get_android_version_distribution": {"executed_lines": [], "summary": {"covered_lines": 0, "num_statements": 2, "percent_covered": 0.0, "percent_covered_display": "0", "missing_lines": 2, "excluded_lines": 0}, "missing_lines": [25, 26], "excluded_lines": []}, "DeviceService.get_manufacturer_distribution": {"executed_lines": [], "summary": {"covered_lines": 0, "num_statements": 2, "percent_covered": 0.0, "percent_covered_display": "0", "missing_lines": 2, "excluded_lines": 0}, "missing_lines": [29, 30], "excluded_lines": []}, "DeviceService.get_security_level_distribution": {"executed_lines": [], "summary": {"covered_lines": 0, "num_statements": 2, "percent_covered": 0.0, "percent_covered_display": "0", "missing_lines": 2, "excluded_lines": 0}, "missing_lines": [33, 34], "excluded_lines": []}, "DeviceService.get_connection_history": {"executed_lines": [], "summary": {"covered_lines": 0, "num_statements": 6, "percent_covered": 0.0, "percent_covered_display": "0", "missing_lines": 6, "excluded_lines": 0}, "missing_lines": [38, 39, 40, 41, 42, 46], "excluded_lines": []}, "": {"executed_lines": [1, 2, 3, 4, 6, 7, 9, 24, 28, 32, 36], "summary": {"covered_lines": 10, "num_statements": 10, "percent_covered": 100.0, "percent_covered_display": "100", "missing_lines": 0, "excluded_lines": 0}, "missing_lines": [], "excluded_lines": []}}, "classes": {"DeviceService": {"executed_lines": [], "summary": {"covered_lines": 0, "num_statements": 17, "percent_covered": 0.0, "percent_covered_display": "0", "missing_lines": 17, "excluded_lines": 0}, "missing_lines": [10, 11, 12, 14, 22, 25, 26, 29, 30, 33, 34, 38, 39, 40, 41, 42, 46], "excluded_lines": []}, "": {"executed_lines": [1, 2, 3, 4, 6, 7, 9, 24, 28, 32, 36], "summary": {"covered_lines": 10, "num_statements": 10, "percent_covered": 100.0, "percent_covered_display": "100", "missing_lines": 0, "excluded_lines": 0}, "missing_lines": [], "excluded_lines": []}}}, "app\\services\\notification_service.py": {"executed_lines": [], "summary": {"covered_lines": 0, "num_statements": 10, "percent_covered": 0.0, "percent_covered_display": "0", "missing_lines": 10, "excluded_lines": 0}, "missing_lines": [1, 2, 4, 10, 11, 18, 20, 21, 23, 25], "excluded_lines": [], "functions": {"NotificationService.send_command_result": {"executed_lines": [], "summary": {"covered_lines": 0, "num_statements": 2, "percent_covered": 0.0, "percent_covered_display": "0", "missing_lines": 2, "excluded_lines": 0}, "missing_lines": [11, 18], "excluded_lines": []}, "NotificationService.send_device_data": {"executed_lines": [], "summary": {"covered_lines": 0, "num_statements": 1, "percent_covered": 0.0, "percent_covered_display": "0", "missing_lines": 1, "excluded_lines": 0}, "missing_lines": [21], "excluded_lines": []}, "NotificationService.notify_device": {"executed_lines": [], "summary": {"covered_lines": 0, "num_statements": 1, "percent_covered": 0.0, "percent_covered_display": "0", "missing_lines": 1, "excluded_lines": 0}, "missing_lines": [25], "excluded_lines": []}, "": {"executed_lines": [], "summary": {"covered_lines": 0, "num_statements": 6, "percent_covered": 0.0, "percent_covered_display": "0", "missing_lines": 6, "excluded_lines": 0}, "missing_lines": [1, 2, 4, 10, 20, 23], "excluded_lines": []}}, "classes": {"NotificationService": {"executed_lines": [], "summary": {"covered_lines": 0, "num_statements": 4, "percent_covered": 0.0, "percent_covered_display": "0", "missing_lines": 4, "excluded_lines": 0}, "missing_lines": [11, 18, 21, 25], "excluded_lines": []}, "": {"executed_lines": [], "summary": {"covered_lines": 0, "num_statements": 6, "percent_covered": 0.0, "percent_covered_display": "0", "missing_lines": 6, "excluded_lines": 0}, "missing_lines": [1, 2, 4, 10, 20, 23], "excluded_lines": []}}}, "app\\socketio_events.py": {"executed_lines": [1, 2, 3, 4, 5, 6, 7, 8, 9, 11, 14, 17, 47, 51, 52, 53, 57, 58, 73, 74, 84, 85, 96, 97, 125, 126], "summary": {"covered_lines": 26, "num_statements": 106, "percent_covered": 24.528301886792452, "percent_covered_display": "25", "missing_lines": 80, "excluded_lines": 0}, "missing_lines": [18, 19, 21, 22, 23, 24, 30, 31, 32, 33, 34, 35, 37, 38, 39, 40, 41, 42, 43, 44, 48, 54, 55, 59, 60, 61, 62, 63, 64, 65, 66, 67, 68, 69, 71, 75, 76, 77, 78, 79, 80, 81, 82, 86, 87, 88, 89, 90, 91, 93, 94, 98, 99, 100, 101, 102, 103, 104, 105, 107, 108, 109, 110, 112, 113, 114, 115, 117, 123, 127, 128, 129, 130, 131, 132, 133, 134, 135, 136, 137], "excluded_lines": [], "functions": {"_authenticate_token": {"executed_lines": [], "summary": {"covered_lines": 0, "num_statements": 20, "percent_covered": 0.0, "percent_covered_display": "0", "missing_lines": 20, "excluded_lines": 0}, "missing_lines": [18, 19, 21, 22, 23, 24, 30, 31, 32, 33, 34, 35, 37, 38, 39, 40, 41, 42, 43, 44], "excluded_lines": []}, "_get_device_id_from_sid": {"executed_lines": [], "summary": {"covered_lines": 0, "num_statements": 1, "percent_covered": 0.0, "percent_covered_display": "0", "missing_lines": 1, "excluded_lines": 0}, "missing_lines": [48], "excluded_lines": []}, "register_socketio_events": {"executed_lines": [53, 57, 58, 73, 74, 84, 85, 96, 97, 125, 126], "summary": {"covered_lines": 11, "num_statements": 11, "percent_covered": 100.0, "percent_covered_display": "100", "missing_lines": 0, "excluded_lines": 0}, "missing_lines": [], "excluded_lines": []}, "register_socketio_events.handle_connect": {"executed_lines": [], "summary": {"covered_lines": 0, "num_statements": 2, "percent_covered": 0.0, "percent_covered_display": "0", "missing_lines": 2, "excluded_lines": 0}, "missing_lines": [54, 55], "excluded_lines": []}, "register_socketio_events.handle_authenticate": {"executed_lines": [], "summary": {"covered_lines": 0, "num_statements": 12, "percent_covered": 0.0, "percent_covered_display": "0", "missing_lines": 12, "excluded_lines": 0}, "missing_lines": [59, 60, 61, 62, 63, 64, 65, 66, 67, 68, 69, 71], "excluded_lines": []}, "register_socketio_events.handle_disconnect": {"executed_lines": [], "summary": {"covered_lines": 0, "num_statements": 8, "percent_covered": 0.0, "percent_covered_display": "0", "missing_lines": 8, "excluded_lines": 0}, "missing_lines": [75, 76, 77, 78, 79, 80, 81, 82], "excluded_lines": []}, "register_socketio_events.handle_send_data": {"executed_lines": [], "summary": {"covered_lines": 0, "num_statements": 8, "percent_covered": 0.0, "percent_covered_display": "0", "missing_lines": 8, "excluded_lines": 0}, "missing_lines": [86, 87, 88, 89, 90, 91, 93, 94], "excluded_lines": []}, "register_socketio_events.handle_command_result": {"executed_lines": [], "summary": {"covered_lines": 0, "num_statements": 18, "percent_covered": 0.0, "percent_covered_display": "0", "missing_lines": 18, "excluded_lines": 0}, "missing_lines": [98, 99, 100, 101, 102, 103, 104, 105, 107, 108, 109, 110, 112, 113, 114, 115, 117, 123], "excluded_lines": []}, "register_socketio_events.handle_heartbeat": {"executed_lines": [], "summary": {"covered_lines": 0, "num_statements": 11, "percent_covered": 0.0, "percent_covered_display": "0", "missing_lines": 11, "excluded_lines": 0}, "missing_lines": [127, 128, 129, 130, 131, 132, 133, 134, 135, 136, 137], "excluded_lines": []}, "": {"executed_lines": [1, 2, 3, 4, 5, 6, 7, 8, 9, 11, 14, 17, 47, 51, 52], "summary": {"covered_lines": 15, "num_statements": 15, "percent_covered": 100.0, "percent_covered_display": "100", "missing_lines": 0, "excluded_lines": 0}, "missing_lines": [], "excluded_lines": []}}, "classes": {"": {"executed_lines": [1, 2, 3, 4, 5, 6, 7, 8, 9, 11, 14, 17, 47, 51, 52, 53, 57, 58, 73, 74, 84, 85, 96, 97, 125, 126], "summary": {"covered_lines": 26, "num_statements": 106, "percent_covered": 24.528301886792452, "percent_covered_display": "25", "missing_lines": 80, "excluded_lines": 0}, "missing_lines": [18, 19, 21, 22, 23, 24, 30, 31, 32, 33, 34, 35, 37, 38, 39, 40, 41, 42, 43, 44, 48, 54, 55, 59, 60, 61, 62, 63, 64, 65, 66, 67, 68, 69, 71, 75, 76, 77, 78, 79, 80, 81, 82, 86, 87, 88, 89, 90, 91, 93, 94, 98, 99, 100, 101, 102, 103, 104, 105, 107, 108, 109, 110, 112, 113, 114, 115, 117, 123, 127, 128, 129, 130, 131, 132, 133, 134, 135, 136, 137], "excluded_lines": []}}}, "app\\utils\\__init__.py": {"executed_lines": [0], "summary": {"covered_lines": 0, "num_statements": 0, "percent_covered": 100.0, "percent_covered_display": "100", "missing_lines": 0, "excluded_lines": 0}, "missing_lines": [], "excluded_lines": [], "functions": {"": {"executed_lines": [], "summary": {"covered_lines": 0, "num_statements": 0, "percent_covered": 100.0, "percent_covered_display": "100", "missing_lines": 0, "excluded_lines": 0}, "missing_lines": [], "excluded_lines": []}}, "classes": {"": {"executed_lines": [], "summary": {"covered_lines": 0, "num_statements": 0, "percent_covered": 100.0, "percent_covered_display": "100", "missing_lines": 0, "excluded_lines": 0}, "missing_lines": [], "excluded_lines": []}}}, "app\\utils\\decorators.py": {"executed_lines": [1, 2, 3, 8, 9, 10, 11, 14, 17, 18, 19, 20, 23], "summary": {"covered_lines": 13, "num_statements": 15, "percent_covered": 86.66666666666667, "percent_covered_display": "87", "missing_lines": 2, "excluded_lines": 0}, "missing_lines": [13, 22], "excluded_lines": [], "functions": {"admin_required": {"executed_lines": [11, 14], "summary": {"covered_lines": 2, "num_statements": 2, "percent_covered": 100.0, "percent_covered_display": "100", "missing_lines": 0, "excluded_lines": 0}, "missing_lines": [], "excluded_lines": []}, "admin_required.wrapper": {"executed_lines": [], "summary": {"covered_lines": 0, "num_statements": 1, "percent_covered": 0.0, "percent_covered_display": "0", "missing_lines": 1, "excluded_lines": 0}, "missing_lines": [13], "excluded_lines": []}, "operator_required": {"executed_lines": [20, 23], "summary": {"covered_lines": 2, "num_statements": 2, "percent_covered": 100.0, "percent_covered_display": "100", "missing_lines": 0, "excluded_lines": 0}, "missing_lines": [], "excluded_lines": []}, "operator_required.wrapper": {"executed_lines": [], "summary": {"covered_lines": 0, "num_statements": 1, "percent_covered": 0.0, "percent_covered_display": "0", "missing_lines": 1, "excluded_lines": 0}, "missing_lines": [22], "excluded_lines": []}, "": {"executed_lines": [1, 2, 3, 8, 9, 10, 17, 18, 19], "summary": {"covered_lines": 9, "num_statements": 9, "percent_covered": 100.0, "percent_covered_display": "100", "missing_lines": 0, "excluded_lines": 0}, "missing_lines": [], "excluded_lines": []}}, "classes": {"": {"executed_lines": [1, 2, 3, 8, 9, 10, 11, 14, 17, 18, 19, 20, 23], "summary": {"covered_lines": 13, "num_statements": 15, "percent_covered": 86.66666666666667, "percent_covered_display": "87", "missing_lines": 2, "excluded_lines": 0}, "missing_lines": [13, 22], "excluded_lines": []}}}, "app\\utils\\error_handlers.py": {"executed_lines": [1, 4, 5, 6, 9, 10, 13, 14, 17, 18, 21, 22, 25, 26], "summary": {"covered_lines": 14, "num_statements": 20, "percent_covered": 70.0, "percent_covered_display": "70", "missing_lines": 6, "excluded_lines": 0}, "missing_lines": [7, 11, 15, 19, 23, 27], "excluded_lines": [], "functions": {"register_error_handlers": {"executed_lines": [6, 9, 10, 13, 14, 17, 18, 21, 22, 25, 26], "summary": {"covered_lines": 11, "num_statements": 11, "percent_covered": 100.0, "percent_covered_display": "100", "missing_lines": 0, "excluded_lines": 0}, "missing_lines": [], "excluded_lines": []}, "register_error_handlers.bad_request": {"executed_lines": [], "summary": {"covered_lines": 0, "num_statements": 1, "percent_covered": 0.0, "percent_covered_display": "0", "missing_lines": 1, "excluded_lines": 0}, "missing_lines": [7], "excluded_lines": []}, "register_error_handlers.unauthorized": {"executed_lines": [], "summary": {"covered_lines": 0, "num_statements": 1, "percent_covered": 0.0, "percent_covered_display": "0", "missing_lines": 1, "excluded_lines": 0}, "missing_lines": [11], "excluded_lines": []}, "register_error_handlers.forbidden": {"executed_lines": [], "summary": {"covered_lines": 0, "num_statements": 1, "percent_covered": 0.0, "percent_covered_display": "0", "missing_lines": 1, "excluded_lines": 0}, "missing_lines": [15], "excluded_lines": []}, "register_error_handlers.not_found": {"executed_lines": [], "summary": {"covered_lines": 0, "num_statements": 1, "percent_covered": 0.0, "percent_covered_display": "0", "missing_lines": 1, "excluded_lines": 0}, "missing_lines": [19], "excluded_lines": []}, "register_error_handlers.too_many_requests": {"executed_lines": [], "summary": {"covered_lines": 0, "num_statements": 1, "percent_covered": 0.0, "percent_covered_display": "0", "missing_lines": 1, "excluded_lines": 0}, "missing_lines": [23], "excluded_lines": []}, "register_error_handlers.server_error": {"executed_lines": [], "summary": {"covered_lines": 0, "num_statements": 1, "percent_covered": 0.0, "percent_covered_display": "0", "missing_lines": 1, "excluded_lines": 0}, "missing_lines": [27], "excluded_lines": []}, "": {"executed_lines": [1, 4, 5], "summary": {"covered_lines": 3, "num_statements": 3, "percent_covered": 100.0, "percent_covered_display": "100", "missing_lines": 0, "excluded_lines": 0}, "missing_lines": [], "excluded_lines": []}}, "classes": {"": {"executed_lines": [1, 4, 5, 6, 9, 10, 13, 14, 17, 18, 21, 22, 25, 26], "summary": {"covered_lines": 14, "num_statements": 20, "percent_covered": 70.0, "percent_covered_display": "70", "missing_lines": 6, "excluded_lines": 0}, "missing_lines": [7, 11, 15, 19, 23, 27], "excluded_lines": []}}}, "app\\utils\\rate_limit.py": {"executed_lines": [1, 2, 3, 6, 9, 13, 14, 15, 26, 27], "summary": {"covered_lines": 10, "num_statements": 20, "percent_covered": 50.0, "percent_covered_display": "50", "missing_lines": 10, "excluded_lines": 0}, "missing_lines": [16, 17, 18, 19, 20, 21, 22, 23, 24, 25], "excluded_lines": [], "functions": {"rate_limit": {"executed_lines": [13, 14, 27], "summary": {"covered_lines": 3, "num_statements": 3, "percent_covered": 100.0, "percent_covered_display": "100", "missing_lines": 0, "excluded_lines": 0}, "missing_lines": [], "excluded_lines": []}, "rate_limit.decorator": {"executed_lines": [15, 26], "summary": {"covered_lines": 2, "num_statements": 2, "percent_covered": 100.0, "percent_covered_display": "100", "missing_lines": 0, "excluded_lines": 0}, "missing_lines": [], "excluded_lines": []}, "rate_limit.decorator.wrapper": {"executed_lines": [], "summary": {"covered_lines": 0, "num_statements": 10, "percent_covered": 0.0, "percent_covered_display": "0", "missing_lines": 10, "excluded_lines": 0}, "missing_lines": [16, 17, 18, 19, 20, 21, 22, 23, 24, 25], "excluded_lines": []}, "": {"executed_lines": [1, 2, 3, 6, 9], "summary": {"covered_lines": 5, "num_statements": 5, "percent_covered": 100.0, "percent_covered_display": "100", "missing_lines": 0, "excluded_lines": 0}, "missing_lines": [], "excluded_lines": []}}, "classes": {"": {"executed_lines": [1, 2, 3, 6, 9, 13, 14, 15, 26, 27], "summary": {"covered_lines": 10, "num_statements": 20, "percent_covered": 50.0, "percent_covered_display": "50", "missing_lines": 10, "excluded_lines": 0}, "missing_lines": [16, 17, 18, 19, 20, 21, 22, 23, 24, 25], "excluded_lines": []}}}, "app\\utils\\validators.py": {"executed_lines": [1, 4, 14], "summary": {"covered_lines": 3, "num_statements": 20, "percent_covered": 15.0, "percent_covered_display": "15", "missing_lines": 17, "excluded_lines": 0}, "missing_lines": [5, 6, 7, 8, 9, 10, 11, 15, 16, 17, 18, 19, 20, 21, 22, 23, 24], "excluded_lines": [], "functions": {"validate_login_data": {"executed_lines": [], "summary": {"covered_lines": 0, "num_statements": 7, "percent_covered": 0.0, "percent_covered_display": "0", "missing_lines": 7, "excluded_lines": 0}, "missing_lines": [5, 6, 7, 8, 9, 10, 11], "excluded_lines": []}, "validate_command_data": {"executed_lines": [], "summary": {"covered_lines": 0, "num_statements": 10, "percent_covered": 0.0, "percent_covered_display": "0", "missing_lines": 10, "excluded_lines": 0}, "missing_lines": [15, 16, 17, 18, 19, 20, 21, 22, 23, 24], "excluded_lines": []}, "": {"executed_lines": [1, 4, 14], "summary": {"covered_lines": 3, "num_statements": 3, "percent_covered": 100.0, "percent_covered_display": "100", "missing_lines": 0, "excluded_lines": 0}, "missing_lines": [], "excluded_lines": []}}, "classes": {"": {"executed_lines": [1, 4, 14], "summary": {"covered_lines": 3, "num_statements": 20, "percent_covered": 15.0, "percent_covered_display": "15", "missing_lines": 17, "excluded_lines": 0}, "missing_lines": [5, 6, 7, 8, 9, 10, 11, 15, 16, 17, 18, 19, 20, 21, 22, 23, 24], "excluded_lines": []}}}}, "totals": {"covered_lines": 597, "num_statements": 1477, "percent_covered": 40.41976980365606, "percent_covered_display": "40", "missing_lines": 880, "excluded_lines": 0}}